<?xml version="1.0" encoding="UTF-8" ?>
<testsuite failures="1" time="0.382" errors="0" skipped="0" tests="15" name="ohtu.ohtuvarasto.VarastoTest">
  <properties>
[...]
</properties>
  <testcase time="0.094" classname="ohtu.ohtuvarasto.VarastoTest" name="konstruktoriLuoTyhjanVaraston"/>
  <testcase time="0" classname="ohtu.ohtuvarasto.VarastoTest" name="uudellaVarastollaOikeaTilavuus"/>
  <testcase time="0.001" classname="ohtu.ohtuvarasto.VarastoTest" name="lisaysLisaaSaldoa"/>
  <testcase time="0.001" classname="ohtu.ohtuvarasto.VarastoTest" name="lisaysLisaaPienentaaVapaataTilaa"/>
  <testcase time="0.001" classname="ohtu.ohtuvarasto.VarastoTest" name="ottaminenPalauttaaOikeanMaaran"/>
  <testcase time="0.001" classname="ohtu.ohtuvarasto.VarastoTest" name="ottaminenLisääTilaa"/>
  <testcase time="0.001" classname="ohtu.ohtuvarasto.VarastoTest" name="varastossaOnAlkusaldo"/>
  <testcase time="0.001" classname="ohtu.ohtuvarasto.VarastoTest" name="tilavuusNollaJosAnnetaanNegatiivinenLukuKonstruktorissa"/>
  <testcase time="0.002" classname="ohtu.ohtuvarasto.VarastoTest" name="yritetaanLaittaaLiikaa"/>
  <testcase time="0.001" classname="ohtu.ohtuvarasto.VarastoTest" name="yritetaanOttaaNegatiivinenMaara"/>
  <testcase time="0.001" classname="ohtu.ohtuvarasto.VarastoTest" name="yritetaanOttaaLiikaa"/>
  <testcase time="0.001" classname="ohtu.ohtuvarasto.VarastoTest" name="annetaanAlkuSaldoMuttaTilavuusNegatiivinen"/>
  <testcase time="0.001" classname="ohtu.ohtuvarasto.VarastoTest" name="annetaanNegatiivinenAlkusaldo"/>
  <testcase time="0.012" classname="ohtu.ohtuvarasto.VarastoTest" name="lisaaNegatiivinenMaara">
    <failure message="expected:&lt;1.0&gt; but was:&lt;0.0&gt;" type="java.lang.AssertionError">java.lang.AssertionError: expected:&lt;1.0&gt; but was:&lt;0.0&gt;
	at org.junit.Assert.fail(Assert.java:93)
	at org.junit.Assert.failNotEquals(Assert.java:647)
	at org.junit.Assert.assertEquals(Assert.java:443)
	at org.junit.Assert.assertEquals(Assert.java:512)
	at ohtu.ohtuvarasto.VarastoTest.lisaaNegatiivinenMaara(VarastoTest.java:128)
	at sun.reflect.NativeMethodAccessorImpl.invoke0(Native Method)
	at sun.reflect.NativeMethodAccessorImpl.invoke(NativeMethodAccessorImpl.java:39)
	at sun.reflect.DelegatingMethodAccessorImpl.invoke(DelegatingMethodAccessorImpl.java:25)
	at java.lang.reflect.Method.invoke(Method.java:597)
	at org.junit.runners.model.FrameworkMethod$1.runReflectiveCall(FrameworkMethod.java:45)
	at org.junit.internal.runners.model.ReflectiveCallable.run(ReflectiveCallable.java:15)
	at org.junit.runners.model.FrameworkMethod.invokeExplosively(FrameworkMethod.java:42)
	at org.junit.internal.runners.statements.InvokeMethod.evaluate(InvokeMethod.java:20)
	at org.junit.internal.runners.statements.RunBefores.evaluate(RunBefores.java:28)
	at org.junit.runners.ParentRunner.runLeaf(ParentRunner.java:263)
	at org.junit.runners.BlockJUnit4ClassRunner.runChild(BlockJUnit4ClassRunner.java:68)
	at org.junit.runners.BlockJUnit4ClassRunner.runChild(BlockJUnit4ClassRunner.java:47)
	at org.junit.runners.ParentRunner$3.run(ParentRunner.java:231)
	at org.junit.runners.ParentRunner$1.schedule(ParentRunner.java:60)
	at org.junit.runners.ParentRunner.runChildren(ParentRunner.java:229)
	at org.junit.runners.ParentRunner.access$000(ParentRunner.java:50)
	at org.junit.runners.ParentRunner$2.evaluate(ParentRunner.java:222)
	at org.junit.runners.ParentRunner.run(ParentRunner.java:300)
	at org.apache.maven.surefire.junit4.JUnit4TestSet.execute(JUnit4TestSet.java:62)
	at org.apache.maven.surefire.suite.AbstractDirectoryTestSuite.executeTestSet(AbstractDirectoryTestSuite.java:140)
	at org.apache.maven.surefire.suite.AbstractDirectoryTestSuite.execute(AbstractDirectoryTestSuite.java:127)
	at org.apache.maven.surefire.Surefire.run(Surefire.java:177)
	at sun.reflect.NativeMethodAccessorImpl.invoke0(Native Method)
	at sun.reflect.NativeMethodAccessorImpl.invoke(NativeMethodAccessorImpl.java:39)
	at sun.reflect.DelegatingMethodAccessorImpl.invoke(DelegatingMethodAccessorImpl.java:25)
	at java.lang.reflect.Method.invoke(Method.java:597)
	at org.apache.maven.surefire.booter.SurefireBooter.runSuitesInProcess(SurefireBooter.java:345)
	at org.apache.maven.surefire.booter.SurefireBooter.main(SurefireBooter.java:1009)
</failure>
  </testcase>
  <testcase time="0.001" classname="ohtu.ohtuvarasto.VarastoTest" name="toStringOikein"/>
</testsuite>